<?xml version="1.0" encoding="UTF-8"?>
<!-- Generated by org.testng.reporters.JUnitReportReporter -->
<testsuite skipped="0" hostname="DESKTOP-IUDJ2E3" name="com.cucumber.dblogging.ResultLogging.stepdefs.TestRunner" tests="2" failures="0" timestamp="24 Jul 2018 15:53:09 GMT" time="0.032" errors="0">
  <testcase name="scenario" time="0.028" classname="com.cucumber.dblogging.ResultLogging.stepdefs.TestRunner"/>
  <testcase name="scenario" time="0.004" classname="com.cucumber.dblogging.ResultLogging.stepdefs.TestRunner"/>
</testsuite> <!-- com.cucumber.dblogging.ResultLogging.stepdefs.TestRunner -->
