<?xml version="1.0" encoding="UTF-8"?>
<!-- Generated by org.testng.reporters.JUnitReportReporter -->
<testsuite skipped="2" hostname="DESKTOP-IUDJ2E3" name="com.cucumber.dblogging.ResultLogging.TestRunner" tests="2" failures="0" timestamp="23 Jul 2018 16:20:47 GMT" time="0.058" errors="0">
  <testcase name="scenario" time="0.054" classname="com.cucumber.dblogging.ResultLogging.TestRunner">
    <skipped/>
  </testcase> <!-- scenario -->
  <testcase name="scenario" time="0.004" classname="com.cucumber.dblogging.ResultLogging.TestRunner">
    <skipped/>
  </testcase> <!-- scenario -->
</testsuite> <!-- com.cucumber.dblogging.ResultLogging.TestRunner -->
